#! /usr/local/bin/vvp
:ivl_version "13.0 (devel)" "(s20250103-36-gea26587b5)";
:ivl_delay_selection "TYPICAL";
:vpi_time_precision - 12;
:vpi_module "/usr/local/lib/ivl/system.vpi";
:vpi_module "/usr/local/lib/ivl/vhdl_sys.vpi";
:vpi_module "/usr/local/lib/ivl/vhdl_textio.vpi";
:vpi_module "/usr/local/lib/ivl/v2005_math.vpi";
:vpi_module "/usr/local/lib/ivl/va_math.vpi";
S_0x653c1759a500 .scope module, "tb_mux2x1" "tb_mux2x1" 2 3;
 .timescale -9 -12;
v0x653c175b1360_0 .var "a", 0 0;
v0x653c175b1420_0 .var "b", 0 0;
v0x653c175b14f0_0 .var "sel", 0 0;
v0x653c175b15f0_0 .net "y", 0 0, L_0x653c175b16c0;  1 drivers
S_0x653c1759a690 .scope module, "uut" "mux2x1" 2 14, 3 1 0, S_0x653c1759a500;
 .timescale 0 0;
    .port_info 0 /INPUT 1 "a";
    .port_info 1 /INPUT 1 "b";
    .port_info 2 /INPUT 1 "sel";
    .port_info 3 /OUTPUT 1 "y";
v0x653c1759a870_0 .net "a", 0 0, v0x653c175b1360_0;  1 drivers
v0x653c175b1090_0 .net "b", 0 0, v0x653c175b1420_0;  1 drivers
v0x653c175b1150_0 .net "sel", 0 0, v0x653c175b14f0_0;  1 drivers
v0x653c175b11f0_0 .net "y", 0 0, L_0x653c175b16c0;  alias, 1 drivers
L_0x653c175b16c0 .functor MUXZ 1, v0x653c175b1360_0, v0x653c175b1420_0, v0x653c175b14f0_0, C4<>;
    .scope S_0x653c1759a500;
T_0 ;
    %vpi_call 2 23 "$dumpfile", "tb_mux2x1.vcd" {0 0 0};
    %vpi_call 2 24 "$dumpvars", 32'sb00000000000000000000000000000000, S_0x653c1759a500 {0 0 0};
    %pushi/vec4 0, 0, 1;
    %store/vec4 v0x653c175b1360_0, 0, 1;
    %pushi/vec4 0, 0, 1;
    %store/vec4 v0x653c175b1420_0, 0, 1;
    %pushi/vec4 0, 0, 1;
    %store/vec4 v0x653c175b14f0_0, 0, 1;
    %delay 10000, 0;
    %pushi/vec4 0, 0, 1;
    %store/vec4 v0x653c175b1360_0, 0, 1;
    %pushi/vec4 0, 0, 1;
    %store/vec4 v0x653c175b1420_0, 0, 1;
    %pushi/vec4 0, 0, 1;
    %store/vec4 v0x653c175b14f0_0, 0, 1;
    %delay 10000, 0;
    %pushi/vec4 0, 0, 1;
    %store/vec4 v0x653c175b1360_0, 0, 1;
    %pushi/vec4 1, 0, 1;
    %store/vec4 v0x653c175b1420_0, 0, 1;
    %pushi/vec4 0, 0, 1;
    %store/vec4 v0x653c175b14f0_0, 0, 1;
    %delay 10000, 0;
    %pushi/vec4 1, 0, 1;
    %store/vec4 v0x653c175b1360_0, 0, 1;
    %pushi/vec4 0, 0, 1;
    %store/vec4 v0x653c175b1420_0, 0, 1;
    %pushi/vec4 0, 0, 1;
    %store/vec4 v0x653c175b14f0_0, 0, 1;
    %delay 10000, 0;
    %pushi/vec4 1, 0, 1;
    %store/vec4 v0x653c175b1360_0, 0, 1;
    %pushi/vec4 1, 0, 1;
    %store/vec4 v0x653c175b1420_0, 0, 1;
    %pushi/vec4 0, 0, 1;
    %store/vec4 v0x653c175b14f0_0, 0, 1;
    %delay 10000, 0;
    %pushi/vec4 0, 0, 1;
    %store/vec4 v0x653c175b1360_0, 0, 1;
    %pushi/vec4 0, 0, 1;
    %store/vec4 v0x653c175b1420_0, 0, 1;
    %pushi/vec4 1, 0, 1;
    %store/vec4 v0x653c175b14f0_0, 0, 1;
    %delay 10000, 0;
    %pushi/vec4 0, 0, 1;
    %store/vec4 v0x653c175b1360_0, 0, 1;
    %pushi/vec4 1, 0, 1;
    %store/vec4 v0x653c175b1420_0, 0, 1;
    %pushi/vec4 1, 0, 1;
    %store/vec4 v0x653c175b14f0_0, 0, 1;
    %delay 10000, 0;
    %pushi/vec4 1, 0, 1;
    %store/vec4 v0x653c175b1360_0, 0, 1;
    %pushi/vec4 0, 0, 1;
    %store/vec4 v0x653c175b1420_0, 0, 1;
    %pushi/vec4 1, 0, 1;
    %store/vec4 v0x653c175b14f0_0, 0, 1;
    %delay 10000, 0;
    %pushi/vec4 1, 0, 1;
    %store/vec4 v0x653c175b1360_0, 0, 1;
    %pushi/vec4 1, 0, 1;
    %store/vec4 v0x653c175b1420_0, 0, 1;
    %pushi/vec4 1, 0, 1;
    %store/vec4 v0x653c175b14f0_0, 0, 1;
    %delay 10000, 0;
    %vpi_call 2 40 "$finish" {0 0 0};
    %end;
    .thread T_0;
    .scope S_0x653c1759a500;
T_1 ;
    %vpi_call 2 44 "$monitor", "Time=%0t | a=%b b=%b sel=%b | y=%b", $time, v0x653c175b1360_0, v0x653c175b1420_0, v0x653c175b14f0_0, v0x653c175b15f0_0 {0 0 0};
    %end;
    .thread T_1;
# The file index is used to find the file name in the following table.
:file_names 4;
    "N/A";
    "<interactive>";
    "tb_mux.v";
    "mux.v";
