#! /usr/local/bin/vvp
:ivl_version "13.0 (devel)" "(s20250103-36-gea26587b5)";
:ivl_delay_selection "TYPICAL";
:vpi_time_precision - 12;
:vpi_module "/usr/local/lib/ivl/system.vpi";
:vpi_module "/usr/local/lib/ivl/vhdl_sys.vpi";
:vpi_module "/usr/local/lib/ivl/vhdl_textio.vpi";
:vpi_module "/usr/local/lib/ivl/v2005_math.vpi";
:vpi_module "/usr/local/lib/ivl/va_math.vpi";
S_0x64e345652780 .scope module, "tb_ha" "tb_ha" 2 3;
 .timescale -9 -12;
v0x64e345666ec0_0 .var "a", 0 0;
v0x64e345666f80_0 .var "b", 0 0;
v0x64e345667050_0 .net "carry", 0 0, L_0x64e345667380;  1 drivers
v0x64e345667150_0 .net "sum", 0 0, L_0x64e345667220;  1 drivers
S_0x64e345652910 .scope module, "uut" "ha" 2 14, 3 1 0, S_0x64e345652780;
 .timescale 0 0;
    .port_info 0 /INPUT 1 "a";
    .port_info 1 /INPUT 1 "b";
    .port_info 2 /OUTPUT 1 "sum";
    .port_info 3 /OUTPUT 1 "carry";
L_0x64e345667220 .functor XOR 1, v0x64e345666ec0_0, v0x64e345666f80_0, C4<0>, C4<0>;
L_0x64e345667380 .functor AND 1, v0x64e345666ec0_0, v0x64e345666f80_0, C4<1>, C4<1>;
v0x64e345652af0_0 .net "a", 0 0, v0x64e345666ec0_0;  1 drivers
v0x64e345666bf0_0 .net "b", 0 0, v0x64e345666f80_0;  1 drivers
v0x64e345666cb0_0 .net "carry", 0 0, L_0x64e345667380;  alias, 1 drivers
v0x64e345666d50_0 .net "sum", 0 0, L_0x64e345667220;  alias, 1 drivers
    .scope S_0x64e345652780;
T_0 ;
    %vpi_call 2 23 "$dumpfile", "tb_ha.vcd" {0 0 0};
    %vpi_call 2 24 "$dumpvars", 32'sb00000000000000000000000000000000, S_0x64e345652780 {0 0 0};
    %vpi_call 2 27 "$display", "a b | sum carry" {0 0 0};
    %pushi/vec4 0, 0, 1;
    %store/vec4 v0x64e345666ec0_0, 0, 1;
    %pushi/vec4 0, 0, 1;
    %store/vec4 v0x64e345666f80_0, 0, 1;
    %delay 10000, 0;
    %vpi_call 2 29 "$display", "%b %b |  %b    %b", v0x64e345666ec0_0, v0x64e345666f80_0, v0x64e345667150_0, v0x64e345667050_0 {0 0 0};
    %pushi/vec4 0, 0, 1;
    %store/vec4 v0x64e345666ec0_0, 0, 1;
    %pushi/vec4 1, 0, 1;
    %store/vec4 v0x64e345666f80_0, 0, 1;
    %delay 10000, 0;
    %vpi_call 2 32 "$display", "%b %b |  %b    %b", v0x64e345666ec0_0, v0x64e345666f80_0, v0x64e345667150_0, v0x64e345667050_0 {0 0 0};
    %pushi/vec4 1, 0, 1;
    %store/vec4 v0x64e345666ec0_0, 0, 1;
    %pushi/vec4 0, 0, 1;
    %store/vec4 v0x64e345666f80_0, 0, 1;
    %delay 10000, 0;
    %vpi_call 2 35 "$display", "%b %b |  %b    %b", v0x64e345666ec0_0, v0x64e345666f80_0, v0x64e345667150_0, v0x64e345667050_0 {0 0 0};
    %pushi/vec4 1, 0, 1;
    %store/vec4 v0x64e345666ec0_0, 0, 1;
    %pushi/vec4 1, 0, 1;
    %store/vec4 v0x64e345666f80_0, 0, 1;
    %delay 10000, 0;
    %vpi_call 2 38 "$display", "%b %b |  %b    %b", v0x64e345666ec0_0, v0x64e345666f80_0, v0x64e345667150_0, v0x64e345667050_0 {0 0 0};
    %vpi_call 2 40 "$finish" {0 0 0};
    %end;
    .thread T_0;
# The file index is used to find the file name in the following table.
:file_names 4;
    "N/A";
    "<interactive>";
    "tb_ha.v";
    "ha.v";
